{
"contracts/Escrow.sol":{"l":{"38":9,"39":2,"41":7,"45":3,"46":0,"48":3,"49":3,"53":2,"54":1,"56":1,"60":11,"61":1,"64":10,"65":10,"69":4,"70":4,"71":1,"73":3,"74":3,"75":0,"77":3,"78":3,"79":3,"80":3,"84":3,"85":3,"86":1,"89":2,"90":2,"91":0,"93":2,"97":3,"98":3,"99":3,"100":3,"102":3,"134":3,"135":0,"137":3,"138":3,"142":1,"146":1,"150":12,"156":1,"160":1},"path":"/home/bearddev/development/AICM/contracts/Escrow.sol","s":{"1":9,"2":3,"3":2,"4":11,"5":10,"6":4,"7":4,"8":3,"9":3,"10":3,"11":3,"12":3,"13":3,"14":3,"15":3,"16":2,"17":2,"18":2,"19":3,"20":3,"21":3,"22":3,"23":3,"24":0,"25":3,"26":1,"27":1,"28":12,"29":1,"30":1},"b":{"1":[2,7],"2":[0,3],"3":[0,0],"4":[2,1],"5":[1,1],"6":[1,10],"7":[4,1],"8":[1,3],"9":[0,3],"10":[3,1],"11":[1,2],"12":[0,2],"13":[0,3]},"f":{"1":9,"2":3,"3":2,"4":11,"5":4,"6":3,"7":3,"8":1,"9":1,"10":12,"11":1,"12":1},"fnMap":{"1":{"name":"onlyEscrowAgent","line":37,"loc":{"start":{"line":37,"column":4},"end":{"line":42,"column":4}}},"2":{"name":"constructor","line":44,"loc":{"start":{"line":44,"column":4},"end":{"line":50,"column":4}}},"3":{"name":"setPrice","line":52,"loc":{"start":{"line":52,"column":4},"end":{"line":57,"column":4}}},"4":{"name":"depositFunds","line":59,"loc":{"start":{"line":59,"column":4},"end":{"line":66,"column":4}}},"5":{"name":"releaseFunds","line":68,"loc":{"start":{"line":68,"column":4},"end":{"line":81,"column":4}}},"6":{"name":"cancelTransaction","line":83,"loc":{"start":{"line":83,"column":4},"end":{"line":94,"column":4}}},"7":{"name":"generateUniqueID","line":96,"loc":{"start":{"line":96,"column":4},"end":{"line":139,"column":4}}},"8":{"name":"getSellerAddress","line":141,"loc":{"start":{"line":141,"column":4},"end":{"line":143,"column":4}}},"9":{"name":"getEscrowAddress","line":145,"loc":{"start":{"line":145,"column":4},"end":{"line":147,"column":4}}},"10":{"name":"getCurrentPrice","line":149,"loc":{"start":{"line":149,"column":4},"end":{"line":151,"column":4}}},"11":{"name":"getBuyerToAmountDeposited","line":153,"loc":{"start":{"line":153,"column":4},"end":{"line":157,"column":4}}},"12":{"name":"getSalesIds","line":159,"loc":{"start":{"line":159,"column":4},"end":{"line":161,"column":4}}}},"statementMap":{"1":{"start":{"line":38,"column":8},"end":{"line":38,"column":1281}},"2":{"start":{"line":45,"column":8},"end":{"line":45,"column":1485}},"3":{"start":{"line":53,"column":8},"end":{"line":53,"column":1757}},"4":{"start":{"line":60,"column":8},"end":{"line":60,"column":1928}},"5":{"start":{"line":65,"column":8},"end":{"line":65,"column":50}},"6":{"start":{"line":69,"column":8},"end":{"line":69,"column":56}},"7":{"start":{"line":70,"column":8},"end":{"line":70,"column":2271}},"8":{"start":{"line":73,"column":8},"end":{"line":73,"column":56}},"9":{"start":{"line":74,"column":8},"end":{"line":74,"column":2414}},"10":{"start":{"line":77,"column":8},"end":{"line":77,"column":53}},"11":{"start":{"line":78,"column":8},"end":{"line":78,"column":42}},"12":{"start":{"line":79,"column":8},"end":{"line":79,"column":49}},"13":{"start":{"line":80,"column":8},"end":{"line":80,"column":59}},"14":{"start":{"line":84,"column":8},"end":{"line":84,"column":56}},"15":{"start":{"line":85,"column":8},"end":{"line":85,"column":2867}},"16":{"start":{"line":89,"column":8},"end":{"line":89,"column":56}},"17":{"start":{"line":90,"column":8},"end":{"line":90,"column":3011}},"18":{"start":{"line":93,"column":8},"end":{"line":93,"column":48}},"19":{"start":{"line":97,"column":8},"end":{"line":97,"column":72}},"20":{"start":{"line":98,"column":8},"end":{"line":98,"column":49}},"21":{"start":{"line":99,"column":8},"end":{"line":99,"column":19}},"22":{"start":{"line":100,"column":8},"end":{"line":100,"column":28}},"23":{"start":{"line":134,"column":8},"end":{"line":134,"column":4412}},"24":{"start":{"line":135,"column":12},"end":{"line":135,"column":75}},"25":{"start":{"line":138,"column":8},"end":{"line":138,"column":29}},"26":{"start":{"line":142,"column":8},"end":{"line":142,"column":21}},"27":{"start":{"line":146,"column":8},"end":{"line":146,"column":26}},"28":{"start":{"line":150,"column":8},"end":{"line":150,"column":20}},"29":{"start":{"line":156,"column":8},"end":{"line":156,"column":47}},"30":{"start":{"line":160,"column":8},"end":{"line":160,"column":33}}},"branchMap":{"1":{"line":38,"type":"if","locations":[{"start":{"line":38,"column":8},"end":{"line":38,"column":8}},{"start":{"line":38,"column":8},"end":{"line":38,"column":8}}]},"2":{"line":45,"type":"if","locations":[{"start":{"line":45,"column":8},"end":{"line":45,"column":8}},{"start":{"line":45,"column":8},"end":{"line":45,"column":8}}]},"3":{"line":45,"type":"cond-expr","locations":[{"start":{"line":45,"column":12},"end":{"line":45,"column":32}},{"start":{"line":45,"column":37},"end":{"line":45,"column":62}}]},"4":{"line":52,"type":"if","locations":[{"start":{"line":52,"column":47},"end":{"line":52,"column":47}},{"start":{"line":52,"column":47},"end":{"line":52,"column":47}}]},"5":{"line":53,"type":"if","locations":[{"start":{"line":53,"column":8},"end":{"line":53,"column":8}},{"start":{"line":53,"column":8},"end":{"line":53,"column":8}}]},"6":{"line":60,"type":"if","locations":[{"start":{"line":60,"column":8},"end":{"line":60,"column":8}},{"start":{"line":60,"column":8},"end":{"line":60,"column":8}}]},"7":{"line":68,"type":"if","locations":[{"start":{"line":68,"column":51},"end":{"line":68,"column":51}},{"start":{"line":68,"column":51},"end":{"line":68,"column":51}}]},"8":{"line":70,"type":"if","locations":[{"start":{"line":70,"column":8},"end":{"line":70,"column":8}},{"start":{"line":70,"column":8},"end":{"line":70,"column":8}}]},"9":{"line":74,"type":"if","locations":[{"start":{"line":74,"column":8},"end":{"line":74,"column":8}},{"start":{"line":74,"column":8},"end":{"line":74,"column":8}}]},"10":{"line":83,"type":"if","locations":[{"start":{"line":83,"column":56},"end":{"line":83,"column":56}},{"start":{"line":83,"column":56},"end":{"line":83,"column":56}}]},"11":{"line":85,"type":"if","locations":[{"start":{"line":85,"column":8},"end":{"line":85,"column":8}},{"start":{"line":85,"column":8},"end":{"line":85,"column":8}}]},"12":{"line":90,"type":"if","locations":[{"start":{"line":90,"column":8},"end":{"line":90,"column":8}},{"start":{"line":90,"column":8},"end":{"line":90,"column":8}}]},"13":{"line":134,"type":"if","locations":[{"start":{"line":134,"column":8},"end":{"line":134,"column":8}},{"start":{"line":134,"column":8},"end":{"line":134,"column":8}}]}}}}
