TN:
SF:/home/bearddev/development/AICM/contracts/Escrow.sol
FN:37,onlyEscrowAgent
FN:44,constructor
FN:52,setPrice
FN:59,depositFunds
FN:68,releaseFunds
FN:83,cancelTransaction
FN:96,generateUniqueID
FN:141,getSellerAddress
FN:145,getEscrowAddress
FN:149,getCurrentPrice
FN:153,getBuyerToAmountDeposited
FN:159,getSalesIds
FNF:12
FNH:12
FNDA:9,onlyEscrowAgent
FNDA:3,constructor
FNDA:2,setPrice
FNDA:11,depositFunds
FNDA:4,releaseFunds
FNDA:3,cancelTransaction
FNDA:3,generateUniqueID
FNDA:1,getSellerAddress
FNDA:1,getEscrowAddress
FNDA:12,getCurrentPrice
FNDA:1,getBuyerToAmountDeposited
FNDA:1,getSalesIds
DA:38,9
DA:39,2
DA:41,7
DA:45,3
DA:46,0
DA:48,3
DA:49,3
DA:53,2
DA:54,1
DA:56,1
DA:60,11
DA:61,1
DA:64,10
DA:65,10
DA:69,4
DA:70,4
DA:71,1
DA:73,3
DA:74,3
DA:75,0
DA:77,3
DA:78,3
DA:79,3
DA:80,3
DA:84,3
DA:85,3
DA:86,1
DA:89,2
DA:90,2
DA:91,0
DA:93,2
DA:97,3
DA:98,3
DA:99,3
DA:100,3
DA:102,3
DA:134,3
DA:135,0
DA:137,3
DA:138,3
DA:142,1
DA:146,1
DA:150,12
DA:156,1
DA:160,1
LF:45
LH:41
BRDA:38,1,0,2
BRDA:38,1,1,7
BRDA:45,2,0,0
BRDA:45,2,1,3
BRDA:45,3,0,0
BRDA:45,3,1,0
BRDA:52,4,0,2
BRDA:52,4,1,1
BRDA:53,5,0,1
BRDA:53,5,1,1
BRDA:60,6,0,1
BRDA:60,6,1,10
BRDA:68,7,0,4
BRDA:68,7,1,1
BRDA:70,8,0,1
BRDA:70,8,1,3
BRDA:74,9,0,0
BRDA:74,9,1,3
BRDA:83,10,0,3
BRDA:83,10,1,1
BRDA:85,11,0,1
BRDA:85,11,1,2
BRDA:90,12,0,0
BRDA:90,12,1,2
BRDA:134,13,0,0
BRDA:134,13,1,3
BRF:26
BRH:20
end_of_record
